[14-Dec-2023 13:49:18] NOTICE: fpm is running, pid 7220
[14-Dec-2023 13:49:18] NOTICE: ready to handle connections
[14-Dec-2023 13:51:41] NOTICE: Terminating ...
[14-Dec-2023 13:51:41] NOTICE: Terminating ...
[14-Dec-2023 13:51:41] NOTICE: exiting, bye-bye!
[14-Dec-2023 13:52:02] NOTICE: fpm is running, pid 7555
[14-Dec-2023 13:52:02] NOTICE: ready to handle connections
[15-Dec-2023 16:09:36] NOTICE: Terminating ...
[15-Dec-2023 16:09:36] NOTICE: Terminating ...
[15-Dec-2023 16:09:36] NOTICE: exiting, bye-bye!
[04-Jan-2024 09:40:54] NOTICE: fpm is running, pid 15899
[04-Jan-2024 09:40:54] NOTICE: ready to handle connections
[04-Jan-2024 10:08:53] NOTICE: Terminating ...
[04-Jan-2024 10:08:53] NOTICE: Terminating ...
[04-Jan-2024 10:08:53] NOTICE: exiting, bye-bye!
[04-Jan-2024 10:57:46] NOTICE: fpm is running, pid 18279
[04-Jan-2024 10:57:46] NOTICE: ready to handle connections
[04-Jan-2024 11:09:27] NOTICE: Terminating ...
[04-Jan-2024 11:09:27] NOTICE: Terminating ...
[04-Jan-2024 11:09:27] NOTICE: exiting, bye-bye!
[04-Jan-2024 11:09:30] NOTICE: fpm is running, pid 19190
[04-Jan-2024 11:09:30] NOTICE: ready to handle connections
